2025-05-10 16:13:05,772 INFO:     Will watch for changes in these directories: ['/disc/home/beng003/work/operator']
2025-05-10 16:13:05,774 INFO:     Uvicorn running on http://0.0.0.0:8088 (Press CTRL+C to quit)
2025-05-10 16:13:05,774 INFO:     Started reloader process [3123588] using WatchFiles
2025-05-10 16:13:08,823 INFO:     Started server process [3124065]
2025-05-10 16:13:08,825 INFO:     Waiting for application startup.
2025-05-10 16:13:08,828 INFO:     Application startup complete.
2025-05-10 16:25:52,046 WARNING:  WatchFiles detected changes in 'server.py'. Reloading...
2025-05-10 16:25:52,090 INFO:     Shutting down
2025-05-10 16:25:52,193 INFO:     Waiting for application shutdown.
2025-05-10 16:25:52,194 INFO:     Application shutdown complete.
2025-05-10 16:25:52,195 INFO:     Finished server process [3124065]
2025-05-10 16:26:03,574 WARNING:  WatchFiles detected changes in 'server.py'. Reloading...
2025-05-10 16:26:05,841 INFO:     Started server process [3157014]
2025-05-10 16:26:05,842 INFO:     Waiting for application startup.
2025-05-10 16:26:05,844 INFO:     Application startup complete.
2025-05-10 16:26:06,286 WARNING:  WatchFiles detected changes in 'server.py'. Reloading...
2025-05-10 16:26:06,346 INFO:     Shutting down
2025-05-10 16:26:06,447 INFO:     Waiting for application shutdown.
2025-05-10 16:26:06,448 INFO:     Application shutdown complete.
2025-05-10 16:26:06,449 INFO:     Finished server process [3157014]
2025-05-10 16:26:15,868 WARNING:  WatchFiles detected changes in 'server.py'. Reloading...
2025-05-10 16:26:18,737 INFO:     Started server process [3158195]
2025-05-10 16:26:18,739 INFO:     Waiting for application startup.
2025-05-10 16:26:18,743 INFO:     Application startup complete.
2025-05-10 16:26:25,151 WARNING:  WatchFiles detected changes in 'app.py'. Reloading...
2025-05-10 16:26:25,168 INFO:     Shutting down
2025-05-10 16:26:25,270 INFO:     Waiting for application shutdown.
2025-05-10 16:26:25,272 INFO:     Application shutdown complete.
2025-05-10 16:26:25,272 INFO:     Finished server process [3158195]
2025-05-10 16:26:27,369 INFO:     Stopping reloader process [3123588]
